<?xml version="1.0" encoding="UTF-8"?>
<!-- Generated by org.testng.reporters.JUnitReportReporter -->
<testsuite hostname="MSI" failures="0" tests="1" name="TestRunner" time="2.014" errors="0" timestamp="2024-02-25T22:46:06 IST" skipped="0">
  <testcase classname="TestRunner" name="Validation" time="2.014"/>
</testsuite> <!-- TestRunner -->
