<?xml version="1.0" encoding="UTF-8"?>
<!-- Generated by org.testng.reporters.JUnitReportReporter -->
<testsuite hostname="MSI" failures="0" tests="1" name="runner.Runner" time="13.227" errors="0" timestamp="2024-02-26T23:31:50 IST" skipped="0">
  <testcase classname="runner.Runner" name="runScenario" time="13.227"/>
</testsuite> <!-- runner.Runner -->
